Mar 25, 2019 1:17:34 PM org.rmj.replication.utility.LogWrapper info
INFO: User ID: M001180037
Mar 25, 2019 1:17:34 PM org.rmj.replication.utility.LogWrapper info
INFO: User Level: 64
Mar 25, 2019 1:17:34 PM org.rmj.replication.utility.LogWrapper info
INFO: SELECT sUserLvlx FROM xxxSysUserQFX WHERE sUserIDxx = '04d48a7e40f9bd29be67'
Mar 25, 2019 1:18:17 PM org.rmj.replication.utility.LogWrapper info
INFO: User ID: M001180037
Mar 25, 2019 1:18:17 PM org.rmj.replication.utility.LogWrapper info
INFO: User Level: 64
Mar 25, 2019 1:27:13 PM org.rmj.replication.utility.LogWrapper info
INFO: User ID: M001180037
Mar 25, 2019 1:27:13 PM org.rmj.replication.utility.LogWrapper info
INFO: User Level: 64
Mar 25, 2019 1:27:13 PM org.rmj.replication.utility.LogWrapper info
INFO: SELECT sUserLvlx FROM xxxSysUserQFX WHERE sUserIDxx = '04d48a7e40f9bd29be67'
Mar 25, 2019 1:27:13 PM org.rmj.replication.utility.LogWrapper info
INFO: M001180037 is z??~ ¿x½cû??tÿ?óýø?
Mar 25, 2019 1:50:17 PM org.rmj.replication.utility.LogWrapper info
INFO: User ID: M001180037
Mar 25, 2019 1:50:17 PM org.rmj.replication.utility.LogWrapper info
INFO: User Level: 64
Mar 25, 2019 1:50:17 PM org.rmj.replication.utility.LogWrapper info
INFO: SELECT sUserLvlx FROM xxxSysUserQFX WHERE sUserIDxx = '04d48a7e40f9bd29be67'
Mar 25, 2019 1:50:17 PM org.rmj.replication.utility.LogWrapper info
INFO: M001180037 is supervisor
Mar 25, 2019 1:53:42 PM org.rmj.replication.utility.LogWrapper info
INFO: User ID: M001180037
Mar 25, 2019 1:53:42 PM org.rmj.replication.utility.LogWrapper info
INFO: User Level: 64
Mar 25, 2019 1:53:42 PM org.rmj.replication.utility.LogWrapper info
INFO: SELECT sUserLvlx FROM xxxSysUserQFX WHERE sUserIDxx = '04d48a7e40f9bd29be67'
Mar 25, 2019 1:53:42 PM org.rmj.replication.utility.LogWrapper info
INFO: M001180037 is supervisor
Mar 25, 2019 1:54:19 PM org.rmj.replication.utility.LogWrapper info
INFO: User ID: M001180037
Mar 25, 2019 1:54:19 PM org.rmj.replication.utility.LogWrapper info
INFO: User Level: 64
Mar 25, 2019 1:54:23 PM org.rmj.replication.utility.LogWrapper info
INFO: User ID: M001180037
Mar 25, 2019 1:54:23 PM org.rmj.replication.utility.LogWrapper info
INFO: User Level: 64
Mar 25, 2019 1:54:23 PM org.rmj.replication.utility.LogWrapper info
INFO: SELECT sUserLvlx FROM xxxSysUserQFX WHERE sUserIDxx = '04d48a7e40f9bd29be67'
Mar 25, 2019 1:54:23 PM org.rmj.replication.utility.LogWrapper info
INFO: M001180037 is supervisor
Mar 25, 2019 1:55:56 PM org.rmj.replication.utility.LogWrapper info
INFO: User ID: M001180037
Mar 25, 2019 1:55:56 PM org.rmj.replication.utility.LogWrapper info
INFO: User Level: 64
Mar 25, 2019 1:55:56 PM org.rmj.replication.utility.LogWrapper info
INFO: SELECT sUserLvlx FROM xxxSysUserQFX WHERE sUserIDxx = '04d48a7e40f9bd29be67'
Mar 25, 2019 1:55:56 PM org.rmj.replication.utility.LogWrapper info
INFO: M001180037 is supervisor
Mar 25, 2019 1:59:42 PM org.rmj.replication.utility.LogWrapper info
INFO: User ID: M001180037
Mar 25, 2019 1:59:42 PM org.rmj.replication.utility.LogWrapper info
INFO: User Level: 64
Mar 25, 2019 1:59:42 PM org.rmj.replication.utility.LogWrapper info
INFO: SELECT sUserLvlx FROM xxxSysUserQFX WHERE sUserIDxx = '04d48a7e40f9bd29be67'
Mar 25, 2019 1:59:42 PM org.rmj.replication.utility.LogWrapper info
INFO: M001180037 is supervisor
Mar 25, 2019 2:00:02 PM org.rmj.replication.utility.LogWrapper info
INFO: User ID: M001180037
Mar 25, 2019 2:00:02 PM org.rmj.replication.utility.LogWrapper info
INFO: User Level: 64
Mar 25, 2019 2:00:02 PM org.rmj.replication.utility.LogWrapper info
INFO: SELECT sUserLvlx FROM xxxSysUserQFX WHERE sUserIDxx = '04d48a7e40f9bd29be67'
Mar 25, 2019 2:00:02 PM org.rmj.replication.utility.LogWrapper info
INFO: M001180037 is supervisor
Mar 25, 2019 2:01:10 PM org.rmj.replication.utility.LogWrapper info
INFO: User ID: M001180037
Mar 25, 2019 2:01:10 PM org.rmj.replication.utility.LogWrapper info
INFO: User Level: 64
Mar 25, 2019 2:01:10 PM org.rmj.replication.utility.LogWrapper info
INFO: SELECT sUserLvlx FROM xxxSysUserQFX WHERE sUserIDxx = '04d48a7e40f9bd29be67'
Mar 25, 2019 2:01:10 PM org.rmj.replication.utility.LogWrapper info
INFO: M001180037 is supervisor
Mar 25, 2019 2:01:27 PM org.rmj.replication.utility.LogWrapper info
INFO: User ID: M001180037
Mar 25, 2019 2:01:27 PM org.rmj.replication.utility.LogWrapper info
INFO: User Level: 64
Mar 25, 2019 2:01:28 PM org.rmj.replication.utility.LogWrapper info
INFO: SELECT sUserLvlx FROM xxxSysUserQFX WHERE sUserIDxx = '04d48a7e40f9bd29be67'
Mar 25, 2019 2:01:28 PM org.rmj.replication.utility.LogWrapper info
INFO: M001180037 is supervisor
Mar 25, 2019 2:02:10 PM org.rmj.replication.utility.LogWrapper info
INFO: User ID: M001180037
Mar 25, 2019 2:02:10 PM org.rmj.replication.utility.LogWrapper info
INFO: User Level: 64
Mar 25, 2019 2:02:10 PM org.rmj.replication.utility.LogWrapper info
INFO: SELECT sUserLvlx FROM xxxSysUserQFX WHERE sUserIDxx = '04d48a7e40f9bd29be67'
Mar 25, 2019 2:02:10 PM org.rmj.replication.utility.LogWrapper info
INFO: M001180037 is supervisor
Mar 25, 2019 2:02:30 PM org.rmj.replication.utility.LogWrapper info
INFO: User ID: M001180037
Mar 25, 2019 2:02:30 PM org.rmj.replication.utility.LogWrapper info
INFO: User Level: 64
Mar 25, 2019 2:02:30 PM org.rmj.replication.utility.LogWrapper info
INFO: SELECT sUserLvlx FROM xxxSysUserQFX WHERE sUserIDxx = '04d48a7e40f9bd29be67'
Mar 25, 2019 2:03:33 PM org.rmj.replication.utility.LogWrapper info
INFO: User ID: M001180037
Mar 25, 2019 2:03:33 PM org.rmj.replication.utility.LogWrapper info
INFO: User Level: 64
Mar 25, 2019 2:03:33 PM org.rmj.replication.utility.LogWrapper info
INFO: SELECT sUserLvlx FROM xxxSysUserQFX WHERE sUserIDxx = '04d48a7e40f9bd29be67'
Mar 25, 2019 2:03:43 PM org.rmj.replication.utility.LogWrapper info
INFO: User ID: M001180037
Mar 25, 2019 2:03:43 PM org.rmj.replication.utility.LogWrapper info
INFO: User Level: 64
Mar 25, 2019 2:03:43 PM org.rmj.replication.utility.LogWrapper info
INFO: SELECT sUserLvlx FROM xxxSysUserQFX WHERE sUserIDxx = '04d48a7e40f9bd29be67'
Mar 25, 2019 2:03:52 PM org.rmj.replication.utility.LogWrapper info
INFO: User ID: M001180037
Mar 25, 2019 2:03:52 PM org.rmj.replication.utility.LogWrapper info
INFO: User Level: 64
Mar 25, 2019 2:03:52 PM org.rmj.replication.utility.LogWrapper info
INFO: SELECT sUserLvlx FROM xxxSysUserQFX WHERE sUserIDxx = '04d48a7e40f9bd29be67'
Mar 25, 2019 2:03:52 PM org.rmj.replication.utility.LogWrapper info
INFO: M001180037 is supervisor
Mar 25, 2019 2:04:01 PM org.rmj.replication.utility.LogWrapper info
INFO: User ID: M001180037
Mar 25, 2019 2:04:01 PM org.rmj.replication.utility.LogWrapper info
INFO: User Level: 64
Mar 25, 2019 2:04:01 PM org.rmj.replication.utility.LogWrapper info
INFO: SELECT sUserLvlx FROM xxxSysUserQFX WHERE sUserIDxx = '04d48a7e40f9bd29be67'
Mar 25, 2019 2:04:01 PM org.rmj.replication.utility.LogWrapper info
INFO: M001180037 is supervisor
Mar 25, 2019 2:05:24 PM org.rmj.replication.utility.LogWrapper info
INFO: User ID: M001180037
Mar 25, 2019 2:05:24 PM org.rmj.replication.utility.LogWrapper info
INFO: User Level: 64
Mar 25, 2019 2:05:24 PM org.rmj.replication.utility.LogWrapper info
INFO: SELECT sUserLvlx FROM xxxSysUserQFX WHERE sUserIDxx = '04d48a7e40f9bd29be67'
Mar 25, 2019 2:05:24 PM org.rmj.replication.utility.LogWrapper info
INFO: M001180037 is supervisor
Mar 25, 2019 2:05:38 PM org.rmj.replication.utility.LogWrapper info
INFO: User ID: M001180037
Mar 25, 2019 2:05:38 PM org.rmj.replication.utility.LogWrapper info
INFO: User Level: 64
Mar 25, 2019 2:05:38 PM org.rmj.replication.utility.LogWrapper info
INFO: SELECT sUserLvlx FROM xxxSysUserQFX WHERE sUserIDxx = '04d48a7e40f9bd29be67'
Mar 25, 2019 2:05:38 PM org.rmj.replication.utility.LogWrapper info
INFO: M001180037 is supervisor
Mar 25, 2019 4:31:36 PM org.rmj.replication.utility.LogWrapper info
INFO: User ID: M001180037
Mar 25, 2019 4:31:36 PM org.rmj.replication.utility.LogWrapper info
INFO: User Level: 64
Mar 25, 2019 4:31:37 PM org.rmj.replication.utility.LogWrapper info
INFO: SELECT sUserLvlx FROM xxxSysUserQFX WHERE sUserIDxx = '04d48a7e40f9bd29be67'
