May 07, 2019 1:56:50 PM org.rmj.replication.utility.LogWrapper severe
SEVERE: connectCard: Can't Initialize card. 
May 09, 2019 4:16:19 PM org.rmj.replication.utility.LogWrapper severe
SEVERE: connectCard: Can't Initialize card. 
May 09, 2019 4:16:22 PM org.rmj.replication.utility.LogWrapper severe
SEVERE: connectCard: Can't Initialize card. 
May 09, 2019 4:16:23 PM org.rmj.replication.utility.LogWrapper severe
SEVERE: connectCard: Can't Initialize card. 
Jun 06, 2019 9:56:04 AM org.rmj.replication.utility.LogWrapper severe
SEVERE: connectCard: Can't Initialize card. 
Jun 06, 2019 12:05:17 PM org.rmj.replication.utility.LogWrapper severe
SEVERE: connectCard: Can't Initialize card. 
Jun 07, 2019 1:39:13 PM org.rmj.replication.utility.LogWrapper severe
SEVERE: connectCard: Can't Initialize card. 
Jun 10, 2019 12:07:56 PM org.rmj.replication.utility.LogWrapper severe
SEVERE: connectCard: Can't Initialize card. 
Jun 10, 2019 1:11:53 PM org.rmj.replication.utility.LogWrapper severe
SEVERE: activate: Card seems not loaded...0
Jun 10, 2019 1:12:35 PM org.rmj.replication.utility.LogWrapper severe
SEVERE: activate: Card seems not loaded...0
Jun 10, 2019 1:53:59 PM org.rmj.replication.utility.LogWrapper severe
SEVERE: activate: Card seems not loaded...0
Jun 13, 2019 5:32:32 PM org.rmj.replication.utility.LogWrapper severe
SEVERE: connectCard: Can't Initialize card. 
Jun 13, 2019 5:32:43 PM org.rmj.replication.utility.LogWrapper severe
SEVERE: connectCard: Can't Initialize card. 
Jun 17, 2019 11:25:10 AM org.rmj.replication.utility.LogWrapper severe
SEVERE: connectCard: Can't Connect card. 
Jun 17, 2019 11:41:47 AM org.rmj.replication.utility.LogWrapper severe
SEVERE: connectCard: Can't Connect card. 
Mar 17, 2020 10:46:20 AM org.rmj.replication.utility.LogWrapper severe
SEVERE: connectCard: Can't Connect card. 
Mar 21, 2020 1:44:41 PM org.rmj.replication.utility.LogWrapper severe
SEVERE: connectCard: Can't Connect card. 
Mar 27, 2020 9:05:52 PM org.rmj.replication.utility.LogWrapper severe
SEVERE: connectCard: Can't Connect card. 
Mar 27, 2020 9:11:04 PM org.rmj.replication.utility.LogWrapper severe
SEVERE: connectCard: Can't Connect card. 
Mar 27, 2020 9:12:35 PM org.rmj.replication.utility.LogWrapper severe
SEVERE: connectCard: Can't Connect card. 
Mar 27, 2020 9:12:37 PM org.rmj.replication.utility.LogWrapper severe
SEVERE: connectCard: Can't Connect card. 
Mar 27, 2020 10:32:22 PM org.rmj.replication.utility.LogWrapper severe
SEVERE: connectCard: Can't Connect card. 
Mar 27, 2020 10:34:23 PM org.rmj.replication.utility.LogWrapper severe
SEVERE: connectCard: Can't Connect card. 
Jun 23, 2020 11:13:17 AM org.rmj.replication.utility.LogWrapper severe
SEVERE: connectCard: Can't Connect card. 
Jun 23, 2020 11:23:58 AM org.rmj.replication.utility.LogWrapper severe
SEVERE: connectCard: Can't Connect card. 
Jun 25, 2020 2:16:25 PM org.rmj.replication.utility.LogWrapper severe
SEVERE: connectCard: Can't Connect card. 
