Apr 30, 2019 4:22:02 PM org.rmj.replication.utility.LogWrapper severe
SEVERE: connectCard: Can't Initialize card. 
May 02, 2019 5:23:03 PM org.rmj.replication.utility.LogWrapper severe
SEVERE: connectCard: Can't Initialize card. 
Jun 06, 2019 9:33:00 AM org.rmj.replication.utility.LogWrapper severe
SEVERE: connectCard: Can't Initialize card. 
Jun 06, 2019 9:33:06 AM org.rmj.replication.utility.LogWrapper severe
SEVERE: connectCard: Can't Initialize card. 
Jun 06, 2019 9:33:09 AM org.rmj.replication.utility.LogWrapper severe
SEVERE: connectCard: Can't Initialize card. 
Jun 06, 2019 9:36:05 AM org.rmj.replication.utility.LogWrapper severe
SEVERE: connectCard: Can't Initialize card. 
Jun 06, 2019 9:36:13 AM org.rmj.replication.utility.LogWrapper severe
SEVERE: connectCard: Can't Initialize card. 
Jun 06, 2019 9:37:26 AM org.rmj.replication.utility.LogWrapper severe
SEVERE: issue: Card seems not loaded...0
Jun 06, 2019 9:55:47 AM org.rmj.replication.utility.LogWrapper severe
SEVERE: connectCard: Can't Initialize card. 
Jun 06, 2019 10:01:06 AM org.rmj.replication.utility.LogWrapper severe
SEVERE: connectCard: Can't Initialize card. 
Jun 06, 2019 10:53:15 AM org.rmj.replication.utility.LogWrapper severe
SEVERE: connectCard: Can't Initialize card. 
Jun 06, 2019 10:54:54 AM org.rmj.replication.utility.LogWrapper severe
SEVERE: connectCard: Can't Initialize card. 
Jun 07, 2019 3:21:13 PM org.rmj.replication.utility.LogWrapper severe
SEVERE: issue: Card seems not loaded...0
Jun 07, 2019 3:21:48 PM org.rmj.replication.utility.LogWrapper severe
SEVERE: issue: Card seems not loaded...0
Jun 07, 2019 3:21:58 PM org.rmj.replication.utility.LogWrapper severe
SEVERE: connectCard: Can't Initialize card. 
Jun 10, 2019 11:34:40 AM org.rmj.replication.utility.LogWrapper severe
SEVERE: connectCard: Can't Initialize card. 
Jun 10, 2019 11:34:43 AM org.rmj.replication.utility.LogWrapper severe
SEVERE: connectCard: Can't Initialize card. 
Jun 10, 2019 1:10:54 PM org.rmj.replication.utility.LogWrapper severe
SEVERE: issue: Card seems not loaded...0
Jun 14, 2019 3:51:58 PM org.rmj.replication.utility.LogWrapper severe
SEVERE: connectCard: Can't Connect card. 
Jun 15, 2019 3:13:56 PM org.rmj.replication.utility.LogWrapper severe
SEVERE: connectCard: Can't Connect card. 
Jun 17, 2019 11:40:43 AM org.rmj.replication.utility.LogWrapper severe
SEVERE: connectCard: Can't Connect card. 
Jun 17, 2019 4:37:19 PM org.rmj.replication.utility.LogWrapper severe
SEVERE: connectCard: Can't Connect card. 
Jun 17, 2019 5:06:34 PM org.rmj.replication.utility.LogWrapper severe
SEVERE: connectCard: Can't Connect card. 
Jul 01, 2019 10:21:10 AM org.rmj.replication.utility.LogWrapper severe
SEVERE: connectCard: Can't Initialize card. 
Jul 01, 2019 10:21:16 AM org.rmj.replication.utility.LogWrapper severe
SEVERE: connectCard: Can't Initialize card. 
Mar 17, 2020 10:46:10 AM org.rmj.replication.utility.LogWrapper severe
SEVERE: connectCard: Can't Connect card. 
Mar 21, 2020 1:44:35 PM org.rmj.replication.utility.LogWrapper severe
SEVERE: connectCard: Can't Connect card. 
Mar 27, 2020 9:19:59 PM org.rmj.replication.utility.LogWrapper severe
SEVERE: connectCard: Can't Connect card. 
Mar 27, 2020 10:32:25 PM org.rmj.replication.utility.LogWrapper severe
SEVERE: connectCard: Can't Connect card. 
Jun 27, 2020 2:57:25 PM org.rmj.replication.utility.LogWrapper severe
SEVERE: connectCard: Can't Connect card. 
