Apr 08, 2017 9:06:45 AM org.rmj.Replication.utility.LogWrapper info
INFO: XMGCardEncode.encode: Verifying PSC for 0471600042209 using pin no 255255
May 08, 2017 10:21:31 AM org.rmj.Replication.utility.LogWrapper info
INFO: XMGCardEncode.encode: Verifying PSC for 0561600035806 using pin no 255255
May 09, 2017 9:14:02 AM org.rmj.Replication.utility.LogWrapper info
INFO: XMGCardEncode.encode: Verifying PSC for 0841600035404 using pin no 255255
May 09, 2017 9:14:02 AM org.rmj.Replication.utility.LogWrapper severe
SEVERE: XMGCardEncode.encode: Can't verify the pin number for GCard 0841600035404 using Pin No 255255 » 
May 09, 2017 9:55:13 AM org.rmj.Replication.utility.LogWrapper info
INFO: XMGCardEncode.encode: Verifying PSC for 0821600041003 using pin no 255255
May 09, 2017 9:56:08 AM org.rmj.Replication.utility.LogWrapper info
INFO: XMGCardEncode.encode: Verifying PSC for 0821600041003 using pin no 255255
May 09, 2017 9:56:08 AM org.rmj.Replication.utility.LogWrapper severe
SEVERE: XMGCardEncode.encode: Can't verify the pin number for GCard 0821600041003 using Pin No 255255 » 
May 13, 2017 9:18:50 AM org.rmj.Replication.utility.LogWrapper info
INFO: XMGCardEncode.encode: Verifying PSC for 0011600056000 using pin no 255255
May 13, 2017 9:31:59 AM org.rmj.Replication.utility.LogWrapper info
INFO: XMGCardEncode.encode: Verifying PSC for 0011600056102 using pin no 255255
May 13, 2017 9:33:30 AM org.rmj.Replication.utility.LogWrapper info
INFO: XMGCardEncode.encode: Verifying PSC for 0011600056201 using pin no 255255
May 13, 2017 9:38:36 AM org.rmj.Replication.utility.LogWrapper info
INFO: XMGCardEncode.encode: Verifying PSC for 0011600056307 using pin no 255255
May 13, 2017 9:39:48 AM org.rmj.Replication.utility.LogWrapper info
INFO: XMGCardEncode.encode: Verifying PSC for 0011600055900 using pin no 255255
Jun 11, 2019 11:40:49 AM org.rmj.replication.utility.LogWrapper info
INFO: XMGCardEncode.encode: Verifying PSC for CO11500000809 using pin no 255255
Jun 13, 2019 1:47:44 PM org.rmj.replication.utility.LogWrapper info
INFO: XMGCardEncode.encode: Verifying PSC for 0631900000108 using pin no 255255
Jun 14, 2019 4:51:18 PM org.rmj.replication.utility.LogWrapper info
INFO: XMGCardEncode.encode: Verifying PSC for 0011900000207 using pin no 255255
Jun 17, 2019 2:51:00 PM org.rmj.replication.utility.LogWrapper info
INFO: XMGCardEncode.encode: Verifying PSC for 0011900000207 using pin no 255255
Jun 27, 2020 2:44:54 PM org.rmj.replication.utility.LogWrapper severe
SEVERE: connectCard: Can't Connect card. 
Jun 27, 2020 2:45:58 PM org.rmj.replication.utility.LogWrapper severe
SEVERE: connectCard: Can't Connect card. 
Jun 27, 2020 2:57:10 PM org.rmj.replication.utility.LogWrapper severe
SEVERE: connectCard: Can't Connect card. 
